<?xml version="1.0" encoding="UTF-8"?>
<testsuite name="ru.khachalov.one.less2.CorrectBracketSequencePredicateTest" tests="3" skipped="0" failures="0" errors="0" timestamp="2019-11-07T08:55:58" hostname="WIN-P676IIU2OFG" time="0.022">
  <properties/>
  <testcase name="incorrectString()" classname="ru.khachalov.one.less2.CorrectBracketSequencePredicateTest" time="0.015"/>
  <testcase name="correctString()" classname="ru.khachalov.one.less2.CorrectBracketSequencePredicateTest" time="0.003"/>
  <testcase name="nullString()" classname="ru.khachalov.one.less2.CorrectBracketSequencePredicateTest" time="0.001"/>
  <system-out><![CDATA[]]></system-out>
  <system-err><![CDATA[]]></system-err>
</testsuite>
