<?xml version="1.0" encoding="UTF-8"?>
<testsuite name="ru.khachalov.one.less1.RealizationTest" tests="6" skipped="0" failures="0" errors="0" timestamp="2019-11-05T12:32:06" hostname="WIN-P676IIU2OFG" time="0.021">
  <properties/>
  <testcase name="testCorrectInput()" classname="ru.khachalov.one.less1.RealizationTest" time="0.008"/>
  <testcase name="testNaFizzBuss()" classname="ru.khachalov.one.less1.RealizationTest" time="0.005"/>
  <testcase name="testNaNomer()" classname="ru.khachalov.one.less1.RealizationTest" time="0.0"/>
  <testcase name="testNaBuss()" classname="ru.khachalov.one.less1.RealizationTest" time="0.001"/>
  <testcase name="testNaFizz()" classname="ru.khachalov.one.less1.RealizationTest" time="0.001"/>
  <testcase name="testIncorrectInput()" classname="ru.khachalov.one.less1.RealizationTest" time="0.002"/>
  <system-out><![CDATA[]]></system-out>
  <system-err><![CDATA[]]></system-err>
</testsuite>
